[2011-01-15 23:26:49] INFO  WEBrick 1.3.1
[2011-01-15 23:26:49] INFO  ruby 1.8.7 (2008-08-11) [i486-linux]
/usr/lib/ruby/1.8/webrick/utils.rb:63:in `getaddrinfo': getaddrinfo: Name or service not known (SocketError)
	from /usr/lib/ruby/1.8/webrick/utils.rb:63:in `create_listeners'
	from /usr/lib/ruby/1.8/webrick/server.rb:75:in `listen'
	from /usr/lib/ruby/1.8/webrick/server.rb:63:in `initialize'
	from /usr/lib/ruby/1.8/webrick/httpserver.rb:24:in `initialize'
	from /usr/lib/ruby/gems/1.8/gems/rack-1.2.1/lib/rack/handler/webrick.rb:10:in `new'
	from /usr/lib/ruby/gems/1.8/gems/rack-1.2.1/lib/rack/handler/webrick.rb:10:in `run'
	from /usr/lib/ruby/gems/1.8/gems/rack-1.2.1/lib/rack/server.rb:213:in `start'
	from /usr/lib/ruby/gems/1.8/gems/railties-3.0.3/lib/rails/commands/server.rb:65:in `start'
	from /usr/lib/ruby/gems/1.8/gems/railties-3.0.3/lib/rails/commands.rb:30
	from /usr/lib/ruby/gems/1.8/gems/railties-3.0.3/lib/rails/commands.rb:27:in `tap'
	from /usr/lib/ruby/gems/1.8/gems/railties-3.0.3/lib/rails/commands.rb:27
	from script/rails:6:in `require'
	from script/rails:6
=> Booting WEBrick
=> Rails 3.0.3 application starting in development on http://http://190.120.231.124:81
=> Call with -d to detach
=> Ctrl-C to shutdown server
Exiting
[2011-01-15 23:28:15] INFO  WEBrick 1.3.1
[2011-01-15 23:28:15] INFO  ruby 1.8.7 (2008-08-11) [i486-linux]
[2011-01-15 23:28:15] INFO  WEBrick::HTTPServer#start: pid=3157 port=81
=> Booting WEBrick
=> Rails 3.0.3 application starting in development on http://190.120.231.124:81
=> Call with -d to detach
=> Ctrl-C to shutdown server


Started GET "/" for 24.216.241.205 at Sat Jan 15 23:28:18 -0500 2011
  Processing by HomeController#index as HTML
Rendered home/index.html.erb within layouts/application (7.8ms)
Completed 200 OK in 19ms (Views: 17.2ms | ActiveRecord: 0.0ms)


Started GET "/posts" for 24.216.241.205 at Sat Jan 15 23:28:22 -0500 2011
  Processing by PostsController#index as HTML
  [1m[36mPost Load (1.6ms)[0m  [1mSELECT "posts".* FROM "posts"[0m
Rendered posts/index.html.erb within layouts/application (28.8ms)
Completed 200 OK in 116ms (Views: 38.8ms | ActiveRecord: 1.6ms)


Started GET "/posts" for 24.216.241.205 at Sat Jan 15 23:28:40 -0500 2011
  Processing by PostsController#index as HTML
  [1m[35mPost Load (1.1ms)[0m  SELECT "posts".* FROM "posts"
Rendered posts/index.html.erb within layouts/application (21.3ms)
Completed 200 OK in 52ms (Views: 34.1ms | ActiveRecord: 1.1ms)


Started GET "/posts/1" for 24.216.241.205 at Sat Jan 15 23:28:50 -0500 2011
  Processing by PostsController#show as HTML
  Parameters: {"id"=>"1"}
  [1m[36mSQL (1.3ms)[0m  [1m SELECT name
 FROM sqlite_master
 WHERE type = 'table' AND NOT name = 'sqlite_sequence'
[0m
  [1m[35mPost Load (0.7ms)[0m  SELECT "posts".* FROM "posts" WHERE ("posts"."id" = 1) LIMIT 1
Rendered posts/show.html.erb within layouts/application (17.4ms)
Completed 200 OK in 45ms (Views: 26.9ms | ActiveRecord: 2.0ms)


Started GET "/posts" for 24.216.241.205 at Sat Jan 15 23:28:53 -0500 2011
  Processing by PostsController#index as HTML
  [1m[36mPost Load (1.2ms)[0m  [1mSELECT "posts".* FROM "posts"[0m
Rendered posts/index.html.erb within layouts/application (21.8ms)
Completed 200 OK in 47ms (Views: 31.4ms | ActiveRecord: 1.2ms)


Started GET "/posts/1" for 24.216.241.205 at Sat Jan 15 23:29:17 -0500 2011
  Processing by PostsController#show as HTML
  Parameters: {"id"=>"1"}
  [1m[35mPost Load (0.8ms)[0m  SELECT "posts".* FROM "posts" WHERE ("posts"."id" = 1) LIMIT 1
Rendered posts/show.html.erb within layouts/application (19.0ms)
Completed 200 OK in 48ms (Views: 29.1ms | ActiveRecord: 0.8ms)


Started GET "/posts" for 24.216.241.205 at Sat Jan 15 23:29:22 -0500 2011
  Processing by PostsController#index as HTML
  [1m[36mPost Load (1.1ms)[0m  [1mSELECT "posts".* FROM "posts"[0m
Rendered posts/index.html.erb within layouts/application (21.6ms)
Completed 200 OK in 46ms (Views: 31.1ms | ActiveRecord: 1.1ms)


Started GET "/" for 24.216.241.205 at Sat Jan 15 23:38:24 -0500 2011
  Processing by HomeController#index as HTML
Rendered home/index.html.erb within layouts/application (7.6ms)
Completed 200 OK in 18ms (Views: 16.8ms | ActiveRecord: 0.0ms)


Started GET "/posts" for 24.216.241.205 at Sat Jan 15 23:38:30 -0500 2011
  Processing by PostsController#index as HTML
  [1m[35mPost Load (1.1ms)[0m  SELECT "posts".* FROM "posts"
Rendered posts/index.html.erb within layouts/application (21.6ms)
Completed 200 OK in 46ms (Views: 30.9ms | ActiveRecord: 1.1ms)


Started GET "/" for 24.216.241.205 at Sat Jan 15 23:54:48 -0500 2011
  Processing by HomeController#index as HTML
Rendered home/index.html.erb within layouts/application (7.7ms)
Completed 200 OK in 19ms (Views: 17.6ms | ActiveRecord: 0.0ms)


Started GET "/posts" for 24.216.241.205 at Sat Jan 15 23:54:53 -0500 2011
  Processing by PostsController#index as HTML
  [1m[36mPost Load (1.0ms)[0m  [1mSELECT "posts".* FROM "posts"[0m
Rendered posts/index.html.erb within layouts/application (21.6ms)
Completed 200 OK in 50ms (Views: 31.3ms | ActiveRecord: 1.0ms)


Started GET "/posts" for 24.216.241.205 at Sat Jan 15 23:54:56 -0500 2011
  Processing by PostsController#index as HTML
  [1m[35mPost Load (1.1ms)[0m  SELECT "posts".* FROM "posts"
Rendered posts/index.html.erb within layouts/application (21.1ms)
Completed 200 OK in 49ms (Views: 30.8ms | ActiveRecord: 1.1ms)


Started GET "/posts/new" for 24.216.241.205 at Sat Jan 15 23:55:02 -0500 2011
  Processing by PostsController#new as HTML
Rendered posts/_form.html.erb (26.5ms)
Rendered posts/new.html.erb within layouts/application (37.3ms)
Completed 200 OK in 67ms (Views: 47.1ms | ActiveRecord: 0.0ms)


Started POST "/posts" for 24.216.241.205 at Sat Jan 15 23:55:06 -0500 2011
  Processing by PostsController#create as HTML
  Parameters: {"commit"=>"Create Post", "post"=>{"name"=>"", "title"=>"", "content"=>""}, "authenticity_token"=>"TY5xfyr9J8wVyOpFg13MoA8p9eHCi//XpEGZv701SuA=", "utf8"=>"✓"}
Rendered posts/_form.html.erb (20.0ms)
Rendered posts/new.html.erb within layouts/application (29.9ms)
Completed 200 OK in 78ms (Views: 38.9ms | ActiveRecord: 0.0ms)


Started POST "/posts" for 24.216.241.205 at Sat Jan 15 23:55:28 -0500 2011
  Processing by PostsController#create as HTML
  Parameters: {"commit"=>"Create Post", "post"=>{"name"=>"d", "title"=>"ssssss", "content"=>""}, "authenticity_token"=>"TY5xfyr9J8wVyOpFg13MoA8p9eHCi//XpEGZv701SuA=", "utf8"=>"✓"}
  [1m[36mAREL (1.1ms)[0m  [1mINSERT INTO "posts" ("name", "updated_at", "created_at", "content", "title") VALUES ('d', '2011-01-16 04:55:28.505508', '2011-01-16 04:55:28.505508', '', 'ssssss')[0m
Redirected to http://www.cocision.com:81/posts/2
Completed 302 Found in 58ms


Started GET "/posts/2" for 24.216.241.205 at Sat Jan 15 23:55:29 -0500 2011
  Processing by PostsController#show as HTML
  Parameters: {"id"=>"2"}
  [1m[35mPost Load (0.6ms)[0m  SELECT "posts".* FROM "posts" WHERE ("posts"."id" = 2) LIMIT 1
Rendered posts/show.html.erb within layouts/application (17.2ms)
Completed 200 OK in 48ms (Views: 26.7ms | ActiveRecord: 0.6ms)


Started GET "/posts" for 24.216.241.205 at Sat Jan 15 23:55:40 -0500 2011
  Processing by PostsController#index as HTML
  [1m[36mPost Load (1.2ms)[0m  [1mSELECT "posts".* FROM "posts"[0m
Rendered posts/index.html.erb within layouts/application (29.7ms)
Completed 200 OK in 58ms (Views: 39.1ms | ActiveRecord: 1.2ms)
  [1m[36mSQL (1.3ms)[0m  [1m SELECT name
 FROM sqlite_master
 WHERE type = 'table' AND NOT name = 'sqlite_sequence'
[0m
  [1m[35mSQL (0.7ms)[0m   SELECT name
 FROM sqlite_master
 WHERE type = 'table' AND NOT name = 'sqlite_sequence'
  [1m[36mSQL (0.5ms)[0m  [1mSELECT "schema_migrations"."version" FROM "schema_migrations"[0m
Migrating to CreatePosts (20110116031812)
Migrating to CreateComments (20110116045657)
  [1m[35mSQL (0.5ms)[0m  select sqlite_version(*)
  [1m[36mSQL (1.4ms)[0m  [1m SELECT name
 FROM sqlite_master
 WHERE type = 'table' AND NOT name = 'sqlite_sequence'
[0m
  [1m[35mSQL (0.7ms)[0m   SELECT name
 FROM sqlite_master
 WHERE type = 'table' AND NOT name = 'sqlite_sequence'
  [1m[36mSQL (0.6ms)[0m  [1mSELECT "schema_migrations"."version" FROM "schema_migrations"[0m
  [1m[35mSQL (0.6ms)[0m   SELECT name
 FROM sqlite_master
 WHERE type = 'table' AND NOT name = 'sqlite_sequence'
  [1m[36mSQL (0.5ms)[0m  [1mSELECT "schema_migrations"."version" FROM "schema_migrations"[0m
Migrating to CreatePosts (20110116031812)
  [1m[35mSQL (0.4ms)[0m  select sqlite_version(*)
  [1m[36mSQL (1.3ms)[0m  [1mDROP TABLE "posts"[0m
  [1m[35mAREL (0.5ms)[0m  DELETE FROM "schema_migrations" WHERE "schema_migrations"."version" = '20110116031812'
  [1m[36mSQL (0.6ms)[0m  [1m SELECT name
 FROM sqlite_master
 WHERE type = 'table' AND NOT name = 'sqlite_sequence'
[0m
  [1m[35mSQL (0.4ms)[0m  SELECT "schema_migrations"."version" FROM "schema_migrations"
  [1m[36mSQL (0.6ms)[0m  [1m SELECT name
 FROM sqlite_master
 WHERE type = 'table' AND NOT name = 'sqlite_sequence'
[0m


Started GET "/posts/new" for 24.216.241.205 at Sun Jan 16 00:02:00 -0500 2011
  Processing by PostsController#new as HTML
Completed   in 18ms

ActiveRecord::StatementInvalid (Could not find table 'posts'):
  app/controllers/posts_controller.rb:27:in `new'
  app/controllers/posts_controller.rb:27:in `new'

Rendered /usr/lib/ruby/gems/1.8/gems/actionpack-3.0.3/lib/action_dispatch/middleware/templates/rescues/_trace.erb (3.3ms)
Rendered /usr/lib/ruby/gems/1.8/gems/actionpack-3.0.3/lib/action_dispatch/middleware/templates/rescues/_request_and_response.erb (15.2ms)
Rendered /usr/lib/ruby/gems/1.8/gems/actionpack-3.0.3/lib/action_dispatch/middleware/templates/rescues/diagnostics.erb within rescues/layout (36.6ms)
  [1m[36mSQL (1.3ms)[0m  [1m SELECT name
 FROM sqlite_master
 WHERE type = 'table' AND NOT name = 'sqlite_sequence'
[0m
  [1m[35mSQL (0.7ms)[0m   SELECT name
 FROM sqlite_master
 WHERE type = 'table' AND NOT name = 'sqlite_sequence'
  [1m[36mSQL (0.5ms)[0m  [1mSELECT "schema_migrations"."version" FROM "schema_migrations"[0m
Migrating to CreatePosts (20110116050315)
  [1m[35mSQL (0.5ms)[0m  select sqlite_version(*)
  [1m[36mSQL (1.4ms)[0m  [1mCREATE TABLE "posts" ("id" INTEGER PRIMARY KEY AUTOINCREMENT NOT NULL, "name" varchar(255), "title" varchar(255), "content" text, "created_at" datetime, "updated_at" datetime) [0m
  [1m[35mSQL (0.6ms)[0m  INSERT INTO "schema_migrations" ("version") VALUES ('20110116050315')
  [1m[36mSQL (0.7ms)[0m  [1m SELECT name
 FROM sqlite_master
 WHERE type = 'table' AND NOT name = 'sqlite_sequence'
[0m
  [1m[35mSQL (0.5ms)[0m  SELECT "schema_migrations"."version" FROM "schema_migrations"
  [1m[36mSQL (0.6ms)[0m  [1m SELECT name
 FROM sqlite_master
 WHERE type = 'table' AND NOT name = 'sqlite_sequence'
[0m
  [1m[35mSQL (0.2ms)[0m  PRAGMA index_list("posts")


Started GET "/" for 24.216.241.205 at Sun Jan 16 00:05:21 -0500 2011
  Processing by HomeController#index as HTML
Rendered home/index.html.erb within layouts/application (7.5ms)
Completed 200 OK in 18ms (Views: 16.5ms | ActiveRecord: 0.0ms)


Started GET "/posts" for 24.216.241.205 at Sun Jan 16 00:05:26 -0500 2011
  Processing by PostsController#index as HTML
  [1m[35mPost Load (0.9ms)[0m  SELECT "posts".* FROM "posts"
Rendered posts/index.html.erb within layouts/application (8.2ms)
Completed 200 OK in 35ms (Views: 17.7ms | ActiveRecord: 0.9ms)


Started GET "/posts/new" for 24.216.241.205 at Sun Jan 16 00:05:31 -0500 2011
  Processing by PostsController#new as HTML
Rendered posts/_form.html.erb (20.4ms)
Rendered posts/new.html.erb within layouts/application (30.9ms)
Completed 200 OK in 56ms (Views: 41.0ms | ActiveRecord: 0.0ms)


Started POST "/posts" for 24.216.241.205 at Sun Jan 16 00:05:42 -0500 2011
  Processing by PostsController#create as HTML
  Parameters: {"commit"=>"Create Post", "post"=>{"name"=>"", "title"=>"", "content"=>""}, "authenticity_token"=>"TY5xfyr9J8wVyOpFg13MoA8p9eHCi//XpEGZv701SuA=", "utf8"=>"✓"}
  [1m[36mAREL (0.7ms)[0m  [1mINSERT INTO "posts" ("created_at", "name", "updated_at", "content", "title") VALUES ('2011-01-16 05:05:42.153403', '', '2011-01-16 05:05:42.153403', '', '')[0m
Redirected to http://www.cocision.com:81/posts/1
Completed 302 Found in 37ms


Started GET "/posts/1" for 24.216.241.205 at Sun Jan 16 00:05:42 -0500 2011
  Processing by PostsController#show as HTML
  Parameters: {"id"=>"1"}
  [1m[35mPost Load (0.7ms)[0m  SELECT "posts".* FROM "posts" WHERE ("posts"."id" = 1) LIMIT 1
Rendered posts/show.html.erb within layouts/application (16.9ms)
Completed 200 OK in 49ms (Views: 29.2ms | ActiveRecord: 0.7ms)


Started GET "/posts" for 24.216.241.205 at Sun Jan 16 00:08:33 -0500 2011
  Processing by PostsController#index as HTML
  [1m[36mPost Load (1.1ms)[0m  [1mSELECT "posts".* FROM "posts"[0m
Rendered posts/index.html.erb within layouts/application (23.1ms)
Completed 200 OK in 55ms (Views: 34.0ms | ActiveRecord: 1.1ms)


Started GET "/posts/new" for 24.216.241.205 at Sun Jan 16 00:08:39 -0500 2011
  Processing by PostsController#new as HTML
Rendered posts/_form.html.erb (20.0ms)
Rendered posts/new.html.erb within layouts/application (30.2ms)
Completed 200 OK in 61ms (Views: 39.7ms | ActiveRecord: 0.0ms)


Started POST "/posts" for 24.216.241.205 at Sun Jan 16 00:08:46 -0500 2011
  Processing by PostsController#create as HTML
  Parameters: {"commit"=>"Create Post", "post"=>{"name"=>"", "title"=>"", "content"=>""}, "authenticity_token"=>"TY5xfyr9J8wVyOpFg13MoA8p9eHCi//XpEGZv701SuA=", "utf8"=>"✓"}
Rendered posts/_form.html.erb (19.7ms)
Rendered posts/new.html.erb within layouts/application (30.0ms)
Completed 200 OK in 83ms (Views: 44.5ms | ActiveRecord: 0.0ms)
  [1m[36mSQL (1.4ms)[0m  [1m SELECT name
 FROM sqlite_master
 WHERE type = 'table' AND NOT name = 'sqlite_sequence'
[0m
  [1m[35mSQL (0.7ms)[0m   SELECT name
 FROM sqlite_master
 WHERE type = 'table' AND NOT name = 'sqlite_sequence'
  [1m[36mSQL (0.6ms)[0m  [1mSELECT "schema_migrations"."version" FROM "schema_migrations"[0m
Migrating to CreatePosts (20110116050315)
Migrating to CreateComments (20110116051002)
  [1m[35mSQL (0.4ms)[0m  select sqlite_version(*)


Started GET "/posts" for 24.216.241.205 at Sun Jan 16 00:12:45 -0500 2011
  Processing by PostsController#index as HTML
  [1m[35mPost Load (1.1ms)[0m  SELECT "posts".* FROM "posts"
Rendered posts/index.html.erb within layouts/application (21.8ms)
Completed 200 OK in 51ms (Views: 31.2ms | ActiveRecord: 1.1ms)


Started GET "/posts/new" for 24.216.241.205 at Sun Jan 16 00:12:52 -0500 2011
  Processing by PostsController#new as HTML
Rendered posts/_form.html.erb (20.2ms)
Rendered posts/new.html.erb within layouts/application (30.5ms)
Completed 200 OK in 62ms (Views: 42.9ms | ActiveRecord: 0.0ms)


Started POST "/posts" for 24.216.241.205 at Sun Jan 16 00:13:06 -0500 2011
  Processing by PostsController#create as HTML
  Parameters: {"commit"=>"Create Post", "post"=>{"name"=>"w", "title"=>"jjjjjjj", "content"=>""}, "authenticity_token"=>"TY5xfyr9J8wVyOpFg13MoA8p9eHCi//XpEGZv701SuA=", "utf8"=>"✓"}
  [1m[36mAREL (0.8ms)[0m  [1mINSERT INTO "posts" ("content", "updated_at", "title", "created_at", "name") VALUES ('', '2011-01-16 05:13:06.141254', 'jjjjjjj', '2011-01-16 05:13:06.141254', 'w')[0m
Redirected to http://www.cocision.com:81/posts/2
Completed 302 Found in 42ms


Started GET "/posts/2" for 24.216.241.205 at Sun Jan 16 00:13:06 -0500 2011
  Processing by PostsController#show as HTML
  Parameters: {"id"=>"2"}
  [1m[35mPost Load (0.7ms)[0m  SELECT "posts".* FROM "posts" WHERE ("posts"."id" = 2) LIMIT 1
Rendered posts/show.html.erb within layouts/application (17.1ms)
Completed 200 OK in 48ms (Views: 26.6ms | ActiveRecord: 0.7ms)


Started GET "/posts" for 24.216.241.205 at Sun Jan 16 00:13:12 -0500 2011
  Processing by PostsController#index as HTML
  [1m[36mPost Load (1.2ms)[0m  [1mSELECT "posts".* FROM "posts"[0m
Rendered posts/index.html.erb within layouts/application (34.5ms)
Completed 200 OK in 63ms (Views: 44.3ms | ActiveRecord: 1.2ms)
  [1m[36mSQL (1.2ms)[0m  [1m SELECT name
 FROM sqlite_master
 WHERE type = 'table' AND NOT name = 'sqlite_sequence'
[0m
  [1m[35mSQL (0.7ms)[0m   SELECT name
 FROM sqlite_master
 WHERE type = 'table' AND NOT name = 'sqlite_sequence'
  [1m[36mSQL (0.5ms)[0m  [1mSELECT "schema_migrations"."version" FROM "schema_migrations"[0m
Migrating to CreatePosts (20110116050315)
Migrating to CreateComments (20110116051002)
  [1m[35mSQL (0.5ms)[0m  select sqlite_version(*)
  [1m[36mSQL (1.3ms)[0m  [1m SELECT name
 FROM sqlite_master
 WHERE type = 'table' AND NOT name = 'sqlite_sequence'
[0m
  [1m[35mSQL (0.7ms)[0m   SELECT name
 FROM sqlite_master
 WHERE type = 'table' AND NOT name = 'sqlite_sequence'
  [1m[36mSQL (0.5ms)[0m  [1mSELECT "schema_migrations"."version" FROM "schema_migrations"[0m
Migrating to CreatePosts (20110116050315)
Migrating to CreateComments (20110116051002)
  [1m[35mSQL (0.6ms)[0m  select sqlite_version(*)
  [1m[36mSQL (1.4ms)[0m  [1m SELECT name
 FROM sqlite_master
 WHERE type = 'table' AND NOT name = 'sqlite_sequence'
[0m
  [1m[35mSQL (0.7ms)[0m   SELECT name
 FROM sqlite_master
 WHERE type = 'table' AND NOT name = 'sqlite_sequence'
  [1m[36mSQL (0.6ms)[0m  [1mSELECT "schema_migrations"."version" FROM "schema_migrations"[0m
Migrating to CreatePosts (20110116050315)
Migrating to CreateComments (20110116051002)
  [1m[35mSQL (0.4ms)[0m  select sqlite_version(*)
  [1m[36mSQL (1.5ms)[0m  [1mCREATE TABLE "comments" ("id" INTEGER PRIMARY KEY AUTOINCREMENT NOT NULL, "commenter" varchar(255), "body" text, "post_id" integer, "created_at" datetime, "updated_at" datetime) [0m
  [1m[35mSQL (0.7ms)[0m  INSERT INTO "schema_migrations" ("version") VALUES ('20110116051002')
  [1m[36mSQL (0.7ms)[0m  [1m SELECT name
 FROM sqlite_master
 WHERE type = 'table' AND NOT name = 'sqlite_sequence'
[0m
  [1m[35mSQL (0.5ms)[0m  SELECT "schema_migrations"."version" FROM "schema_migrations"
  [1m[36mSQL (0.6ms)[0m  [1m SELECT name
 FROM sqlite_master
 WHERE type = 'table' AND NOT name = 'sqlite_sequence'
[0m
  [1m[35mSQL (0.2ms)[0m  PRAGMA index_list("comments")
  [1m[36mSQL (0.2ms)[0m  [1mPRAGMA index_list("posts")[0m


Started GET "/posts/new" for 24.216.241.205 at Sun Jan 16 00:43:24 -0500 2011
  Processing by PostsController#new as HTML
Rendered posts/_form.html.erb (19.7ms)
Rendered posts/new.html.erb within layouts/application (29.9ms)
Completed 200 OK in 58ms (Views: 39.3ms | ActiveRecord: 0.0ms)


Started POST "/posts" for 24.216.241.205 at Sun Jan 16 00:43:51 -0500 2011
  Processing by PostsController#create as HTML
  Parameters: {"commit"=>"Create Post", "post"=>{"name"=>"new post", "title"=>"nashville", "content"=>"i love it"}, "authenticity_token"=>"w/3Hz+rJjn7A9lJmTdPUpfu0atNbI5ST9UDrJcbKIbY=", "utf8"=>"✓"}
  [1m[35mAREL (0.7ms)[0m  INSERT INTO "posts" ("created_at", "updated_at", "title", "name", "content") VALUES ('2011-01-16 05:43:51.555430', '2011-01-16 05:43:51.555430', 'nashville', 'new post', 'i love it')
Redirected to http://www.cocision.com:81/posts/3
Completed 302 Found in 53ms


Started GET "/posts/3" for 24.216.241.205 at Sun Jan 16 00:43:51 -0500 2011
  Processing by PostsController#show as HTML
  Parameters: {"id"=>"3"}
  [1m[36mPost Load (0.7ms)[0m  [1mSELECT "posts".* FROM "posts" WHERE ("posts"."id" = 3) LIMIT 1[0m
Rendered posts/show.html.erb within layouts/application (23.4ms)
Completed   in 54ms

ActionView::Template::Error (undefined method `comments' for #<Post:0xb6744058>):
    16: </p>
    17:  
    18: <h2>Comments</h2>
    19: <% @post.comments.each do |comment| %>
    20:   <p>
    21:     <b>Commenter:</b>
    22:     <%= comment.commenter %>
  app/views/posts/show.html.erb:19:in `_app_views_posts_show_html_erb__1024214577__616955208_0'
  app/controllers/posts_controller.rb:18:in `show'

Rendered /usr/lib/ruby/gems/1.8/gems/actionpack-3.0.3/lib/action_dispatch/middleware/templates/rescues/_trace.erb (3.6ms)
Rendered /usr/lib/ruby/gems/1.8/gems/actionpack-3.0.3/lib/action_dispatch/middleware/templates/rescues/_request_and_response.erb (178.1ms)
Rendered /usr/lib/ruby/gems/1.8/gems/actionpack-3.0.3/lib/action_dispatch/middleware/templates/rescues/template_error.erb within rescues/layout (233.2ms)


Started GET "/" for 24.216.241.205 at Sun Jan 16 00:46:03 -0500 2011
  Processing by HomeController#index as HTML
Rendered home/index.html.erb within layouts/application (7.8ms)
Completed 200 OK in 62ms (Views: 50.3ms | ActiveRecord: 0.0ms)


Started GET "/posts" for 24.216.241.205 at Sun Jan 16 00:46:10 -0500 2011
  Processing by PostsController#index as HTML
  [1m[35mPost Load (1.3ms)[0m  SELECT "posts".* FROM "posts"
Rendered posts/index.html.erb within layouts/application (31.0ms)
Completed 200 OK in 60ms (Views: 40.4ms | ActiveRecord: 1.3ms)


Started GET "/posts/3" for 24.216.241.205 at Sun Jan 16 00:46:14 -0500 2011
  Processing by PostsController#show as HTML
  Parameters: {"id"=>"3"}
  [1m[36mPost Load (0.7ms)[0m  [1mSELECT "posts".* FROM "posts" WHERE ("posts"."id" = 3) LIMIT 1[0m
Rendered posts/show.html.erb within layouts/application (13.0ms)
Completed   in 43ms

ActionView::Template::Error (undefined method `comments' for #<Post:0xb680dd18>):
    16: </p>
    17:  
    18: <h2>Comments</h2>
    19: <% @post.comments.each do |comment| %>
    20:   <p>
    21:     <b>Commenter:</b>
    22:     <%= comment.commenter %>
  app/views/posts/show.html.erb:19:in `_app_views_posts_show_html_erb__1024214577__616545068_0'
  app/controllers/posts_controller.rb:18:in `show'

Rendered /usr/lib/ruby/gems/1.8/gems/actionpack-3.0.3/lib/action_dispatch/middleware/templates/rescues/_trace.erb (3.6ms)
Rendered /usr/lib/ruby/gems/1.8/gems/actionpack-3.0.3/lib/action_dispatch/middleware/templates/rescues/_request_and_response.erb (17.7ms)
Rendered /usr/lib/ruby/gems/1.8/gems/actionpack-3.0.3/lib/action_dispatch/middleware/templates/rescues/template_error.erb within rescues/layout (32.2ms)


Started GET "/posts/3" for 24.216.241.205 at Sun Jan 16 00:47:07 -0500 2011
  Processing by PostsController#show as HTML
  Parameters: {"id"=>"3"}
  [1m[35mPost Load (0.7ms)[0m  SELECT "posts".* FROM "posts" WHERE ("posts"."id" = 3) LIMIT 1
Rendered posts/show.html.erb within layouts/application (11.9ms)
Completed   in 42ms

ActionView::Template::Error (undefined method `comments' for #<Post:0xb6705ce0>):
    16: </p>
    17:  
    18: <h2>Add a comment:</h2>
    19: <%= form_for([@post, @post.comments.build]) do |f| %>
    20:   <div class="field">
    21:     <%= f.label :commenter %><br />
    22:     <%= f.text_field :commenter %>
  app/views/posts/show.html.erb:19:in `_app_views_posts_show_html_erb__1024214577__617082628_0'
  app/controllers/posts_controller.rb:18:in `show'

Rendered /usr/lib/ruby/gems/1.8/gems/actionpack-3.0.3/lib/action_dispatch/middleware/templates/rescues/_trace.erb (3.5ms)
Rendered /usr/lib/ruby/gems/1.8/gems/actionpack-3.0.3/lib/action_dispatch/middleware/templates/rescues/_request_and_response.erb (17.9ms)
Rendered /usr/lib/ruby/gems/1.8/gems/actionpack-3.0.3/lib/action_dispatch/middleware/templates/rescues/template_error.erb within rescues/layout (223.0ms)


Started GET "/posts/2" for 24.216.241.205 at Sun Jan 16 00:50:29 -0500 2011
  Processing by PostsController#show as HTML
  Parameters: {"id"=>"2"}
  [1m[36mPost Load (0.8ms)[0m  [1mSELECT "posts".* FROM "posts" WHERE ("posts"."id" = 2) LIMIT 1[0m
Rendered posts/show.html.erb within layouts/application (67.2ms)
Completed 200 OK in 144ms (Views: 76.6ms | ActiveRecord: 0.8ms)


Started POST "/posts/2/comments" for 24.216.241.205 at Sun Jan 16 00:50:43 -0500 2011
  Processing by CommentsController#create as HTML
  Parameters: {"comment"=>{"body"=>"hi", "commenter"=>"yo"}, "commit"=>"Create Comment", "authenticity_token"=>"TY5xfyr9J8wVyOpFg13MoA8p9eHCi//XpEGZv701SuA=", "utf8"=>"✓", "post_id"=>"2"}
  [1m[35mPost Load (0.7ms)[0m  SELECT "posts".* FROM "posts" WHERE ("posts"."id" = 2) LIMIT 1
  [1m[36mSQL (0.7ms)[0m  [1m SELECT name
 FROM sqlite_master
 WHERE type = 'table' AND NOT name = 'sqlite_sequence'
[0m
  [1m[35mAREL (0.8ms)[0m  INSERT INTO "comments" ("created_at", "updated_at", "body", "commenter", "post_id") VALUES ('2011-01-16 05:50:43.112059', '2011-01-16 05:50:43.112059', 'hi', 'yo', 2)
Redirected to http://www.cocision.com:81/posts/2
Completed 302 Found in 81ms


Started GET "/posts/2" for 24.216.241.205 at Sun Jan 16 00:50:43 -0500 2011
  Processing by PostsController#show as HTML
  Parameters: {"id"=>"2"}
  [1m[36mPost Load (0.7ms)[0m  [1mSELECT "posts".* FROM "posts" WHERE ("posts"."id" = 2) LIMIT 1[0m
Rendered posts/show.html.erb within layouts/application (62.1ms)
Completed 200 OK in 300ms (Views: 271.1ms | ActiveRecord: 0.7ms)


Started GET "/posts/2/edit" for 24.216.241.205 at Sun Jan 16 00:50:55 -0500 2011
  Processing by PostsController#edit as HTML
  Parameters: {"id"=>"2"}
  [1m[35mPost Load (0.8ms)[0m  SELECT "posts".* FROM "posts" WHERE ("posts"."id" = 2) LIMIT 1
Rendered posts/_form.html.erb (21.9ms)
Rendered posts/edit.html.erb within layouts/application (34.0ms)
Completed 200 OK in 70ms (Views: 43.3ms | ActiveRecord: 0.8ms)


Started GET "/posts" for 24.216.241.205 at Sun Jan 16 00:51:00 -0500 2011
  Processing by PostsController#index as HTML
  [1m[36mPost Load (1.3ms)[0m  [1mSELECT "posts".* FROM "posts"[0m
Rendered posts/index.html.erb within layouts/application (31.2ms)
Completed 200 OK in 65ms (Views: 40.7ms | ActiveRecord: 1.3ms)


Started GET "/posts/3" for 24.216.241.205 at Sun Jan 16 00:51:08 -0500 2011
  Processing by PostsController#show as HTML
  Parameters: {"id"=>"3"}
  [1m[35mPost Load (0.7ms)[0m  SELECT "posts".* FROM "posts" WHERE ("posts"."id" = 3) LIMIT 1
Rendered posts/show.html.erb within layouts/application (63.0ms)
Completed 200 OK in 100ms (Views: 72.5ms | ActiveRecord: 0.7ms)


Started POST "/posts/3/comments" for 24.216.241.205 at Sun Jan 16 00:51:20 -0500 2011
  Processing by CommentsController#create as HTML
  Parameters: {"comment"=>{"body"=>"yo", "commenter"=>"me"}, "commit"=>"Create Comment", "authenticity_token"=>"TY5xfyr9J8wVyOpFg13MoA8p9eHCi//XpEGZv701SuA=", "utf8"=>"✓", "post_id"=>"3"}
  [1m[36mPost Load (0.7ms)[0m  [1mSELECT "posts".* FROM "posts" WHERE ("posts"."id" = 3) LIMIT 1[0m
  [1m[35mSQL (0.7ms)[0m   SELECT name
 FROM sqlite_master
 WHERE type = 'table' AND NOT name = 'sqlite_sequence'
  [1m[36mAREL (0.7ms)[0m  [1mINSERT INTO "comments" ("commenter", "created_at", "updated_at", "post_id", "body") VALUES ('me', '2011-01-16 05:51:20.342080', '2011-01-16 05:51:20.342080', 3, 'yo')[0m
Redirected to http://www.cocision.com:81/posts/3
Completed 302 Found in 75ms


Started GET "/posts/3" for 24.216.241.205 at Sun Jan 16 00:51:20 -0500 2011
  Processing by PostsController#show as HTML
  Parameters: {"id"=>"3"}
  [1m[35mPost Load (0.8ms)[0m  SELECT "posts".* FROM "posts" WHERE ("posts"."id" = 3) LIMIT 1
Rendered posts/show.html.erb within layouts/application (57.7ms)
Completed 200 OK in 98ms (Views: 67.8ms | ActiveRecord: 0.8ms)


Started GET "/posts" for 24.216.241.205 at Sun Jan 16 00:52:22 -0500 2011
  Processing by PostsController#index as HTML
  [1m[36mPost Load (1.2ms)[0m  [1mSELECT "posts".* FROM "posts"[0m
Rendered posts/index.html.erb within layouts/application (30.6ms)
Completed 200 OK in 64ms (Views: 39.9ms | ActiveRecord: 1.2ms)


Started GET "/posts/3" for 24.216.241.205 at Sun Jan 16 00:52:27 -0500 2011
  Processing by PostsController#show as HTML
  Parameters: {"id"=>"3"}
  [1m[35mPost Load (0.8ms)[0m  SELECT "posts".* FROM "posts" WHERE ("posts"."id" = 3) LIMIT 1
  [1m[36mComment Load (0.8ms)[0m  [1mSELECT "comments".* FROM "comments" WHERE ("comments".post_id = 3)[0m
Rendered posts/show.html.erb within layouts/application (68.4ms)
Completed 200 OK in 109ms (Views: 77.8ms | ActiveRecord: 1.6ms)


Started POST "/posts/3/comments" for 24.216.241.205 at Sun Jan 16 00:52:46 -0500 2011
  Processing by CommentsController#create as HTML
  Parameters: {"comment"=>{"body"=>"hello", "commenter"=>"you"}, "commit"=>"Create Comment", "authenticity_token"=>"TY5xfyr9J8wVyOpFg13MoA8p9eHCi//XpEGZv701SuA=", "utf8"=>"✓", "post_id"=>"3"}
  [1m[35mPost Load (0.8ms)[0m  SELECT "posts".* FROM "posts" WHERE ("posts"."id" = 3) LIMIT 1
  [1m[36mSQL (0.8ms)[0m  [1m SELECT name
 FROM sqlite_master
 WHERE type = 'table' AND NOT name = 'sqlite_sequence'
[0m
  [1m[35mAREL (0.7ms)[0m  INSERT INTO "comments" ("created_at", "commenter", "post_id", "body", "updated_at") VALUES ('2011-01-16 05:52:46.270734', 'you', 3, 'hello', '2011-01-16 05:52:46.270734')
Redirected to http://www.cocision.com:81/posts/3
Completed 302 Found in 79ms


Started GET "/posts/3" for 24.216.241.205 at Sun Jan 16 00:52:46 -0500 2011
  Processing by PostsController#show as HTML
  Parameters: {"id"=>"3"}
  [1m[36mPost Load (0.7ms)[0m  [1mSELECT "posts".* FROM "posts" WHERE ("posts"."id" = 3) LIMIT 1[0m
  [1m[35mComment Load (0.8ms)[0m  SELECT "comments".* FROM "comments" WHERE ("comments".post_id = 3)
Rendered posts/show.html.erb within layouts/application (276.2ms)
Completed 200 OK in 312ms (Views: 285.0ms | ActiveRecord: 1.5ms)


Started GET "/posts" for 24.216.241.205 at Sun Jan 16 00:52:56 -0500 2011
  Processing by PostsController#index as HTML
  [1m[36mPost Load (1.3ms)[0m  [1mSELECT "posts".* FROM "posts"[0m
Rendered posts/index.html.erb within layouts/application (31.5ms)
Completed 200 OK in 66ms (Views: 41.3ms | ActiveRecord: 1.3ms)


Started GET "/" for 24.216.241.205 at Sun Jan 16 00:59:59 -0500 2011
  Processing by HomeController#index as HTML
Rendered home/index.html.erb within layouts/application (7.5ms)
Completed 200 OK in 18ms (Views: 16.7ms | ActiveRecord: 0.0ms)


Started GET "/" for 24.216.241.205 at Sun Jan 16 01:02:23 -0500 2011
  Processing by HomeController#index as HTML
Rendered home/index.html.erb within layouts/application (8.1ms)
Completed 200 OK in 20ms (Views: 17.9ms | ActiveRecord: 0.0ms)


Started GET "/posts" for 24.216.241.205 at Sun Jan 16 01:02:28 -0500 2011
  Processing by PostsController#index as HTML
  [1m[35mPost Load (1.3ms)[0m  SELECT "posts".* FROM "posts"
Rendered posts/index.html.erb within layouts/application (31.2ms)
Completed 200 OK in 70ms (Views: 40.8ms | ActiveRecord: 1.3ms)


Started POST "/posts/1" for 24.216.241.205 at Sun Jan 16 01:02:41 -0500 2011
  Processing by PostsController#destroy as HTML
  Parameters: {"authenticity_token"=>"TY5xfyr9J8wVyOpFg13MoA8p9eHCi//XpEGZv701SuA=", "id"=>"1"}
  [1m[36mPost Load (0.7ms)[0m  [1mSELECT "posts".* FROM "posts" WHERE ("posts"."id" = 1) LIMIT 1[0m
  [1m[35mAREL (0.8ms)[0m  DELETE FROM "posts" WHERE ("posts"."id" = 1)
Redirected to http://www.cocision.com:81/posts
Completed 302 Found in 48ms


Started GET "/posts" for 24.216.241.205 at Sun Jan 16 01:02:41 -0500 2011
  Processing by PostsController#index as HTML
  [1m[36mPost Load (1.2ms)[0m  [1mSELECT "posts".* FROM "posts"[0m
Rendered posts/index.html.erb within layouts/application (28.5ms)
Completed 200 OK in 67ms (Views: 38.8ms | ActiveRecord: 1.2ms)


Started GET "/" for 24.216.241.205 at Sun Jan 16 01:10:16 -0500 2011
  Processing by HomeController#index as HTML
Rendered home/index.html.erb within layouts/application (7.6ms)
Completed 200 OK in 18ms (Views: 16.7ms | ActiveRecord: 0.0ms)


Started GET "/" for 24.216.241.205 at Sun Jan 16 01:10:25 -0500 2011
  Processing by HomeController#index as HTML
Rendered home/index.html.erb within layouts/application (7.6ms)
Completed 200 OK in 18ms (Views: 16.7ms | ActiveRecord: 0.0ms)


Started GET "/posts" for 24.216.241.205 at Sun Jan 16 01:10:38 -0500 2011
  Processing by PostsController#index as HTML
  [1m[35mPost Load (1.3ms)[0m  SELECT "posts".* FROM "posts"
Rendered posts/index.html.erb within layouts/application (27.0ms)
Completed 200 OK in 66ms (Views: 36.7ms | ActiveRecord: 1.3ms)


Started GET "/" for 67.188.36.201 at Sun Jan 16 01:10:40 -0500 2011
  Processing by HomeController#index as HTML
Rendered home/index.html.erb within layouts/application (7.8ms)
Completed 200 OK in 18ms (Views: 16.9ms | ActiveRecord: 0.0ms)


Started GET "/posts" for 67.188.36.201 at Sun Jan 16 01:10:47 -0500 2011
  Processing by PostsController#index as HTML
  [1m[36mPost Load (1.2ms)[0m  [1mSELECT "posts".* FROM "posts"[0m
Rendered posts/index.html.erb within layouts/application (221.1ms)
Completed 200 OK in 255ms (Views: 230.8ms | ActiveRecord: 1.2ms)


Started GET "/posts/new" for 24.216.241.205 at Sun Jan 16 01:10:48 -0500 2011


Started GET "/posts/new" for 24.216.241.205 at Sun Jan 16 01:10:48 -0500 2011
  Processing by PostsController#new as HTML
Rendered posts/_form.html.erb (27.7ms)
Rendered posts/new.html.erb within layouts/application (61.1ms)
Completed 200 OK in 156ms (Views: 116.0ms | ActiveRecord: 0.0ms)


Started GET "/posts" for 24.216.241.205 at Sun Jan 16 01:11:01 -0500 2011
  Processing by PostsController#index as HTML
  [1m[35mPost Load (1.3ms)[0m  SELECT "posts".* FROM "posts"
Rendered posts/index.html.erb within layouts/application (26.5ms)
Completed 200 OK in 61ms (Views: 36.4ms | ActiveRecord: 1.3ms)


Started POST "/posts/2" for 67.188.36.201 at Sun Jan 16 01:11:01 -0500 2011
  Processing by PostsController#destroy as HTML
  Parameters: {"authenticity_token"=>"7rExzO3awRLYcF7qf+IgXiWux4mWtlmXBknyCu+nOMo=", "id"=>"2"}
  [1m[36mPost Load (7.1ms)[0m  [1

Started POST "/posts/2" for 67.188.36.201 at Sun Jan 16 01:11:01 -0500 2011
  Processing by PostsController#destroy as HTML
  Parameters: {"authenticity_token"=>"7rExzO3awRLYcF7qf+IgXiWux4mWtlmXBknyCu+nOMo=", "id"=>"2"}
  [1m[36mPost Load (7.1ms)[0m  [1

Started POST "/posts/2" for 67.188.36.201 at Sun Jan 16 01:11:01 -0500 2011
  Processing by PostsController#destroy as HTML
  Parameters: {"authenticity_token"=>"7rExzO3awRLYcF7qf+IgXiWux4mWtlmXBknyCu+nOMo=", "id"=>"2"}
  [1m[36mPost Load (7.1ms)[0m  [1mSELECT "posts".* FROM "posts" WHERE ("posts"."id" = 2) LIMIT 1[0m
  [1m[35mAREL (0.7ms)[0m  DELETE FROM "posts" WHERE ("posts"."id" = 2)
Redirected to http://www.cocision.com:81/posts
Completed 302 Found in 385ms
m

Started GET "/posts" for 67.188.36.201 at Sun Jan 16 01:11:02 -0500 2011
  Processing by PostsController#index as HTML
  [1m[36mPost Load (1.1ms)[0m  [1mSELECT "posts".* FROM "posts"[0m
Rendered posts/index.html.erb within layouts/application (22.1ms)
Completed 200 OK in 61ms (Views: 32.0ms | ActiveRecord: 1.1ms)


Started GET "/posts/new" for 67.188.36.201 at Sun Jan 16 01:11:09 -0500 2011
  Processing by PostsController#new as HTML
Rendered posts/_form.html.erb (25.3ms)
Rendered posts/new.html.erb within layouts/application (35.8ms)
Completed 200 OK in 69ms (Views: 45.4ms | ActiveRecord: 0.0ms)


Started POST "/posts" for 67.188.36.201 at Sun Jan 16 01:13:32 -0500 2011
  Processing by PostsController#create as HTML
  Parameters: {"commit"=>"Create Post", "post"=>{"name"=>"Mr. Phugh Hughson", "title"=>"flim flam", "content"=>"Farts lit in space appear as a rainbow.  It's a fact.  Look it up!"}, "authenticity_token"=>"7rExzO3awRLYcF7qf+IgXiWux4mWtlmXBknyCu+nOMo=", "utf8"=>"✓"}
  [1m[35mAREL (0.8ms)[0m  INSERT INTO "posts" ("created_at", "content", "name", "updated_at", "title") VALUES ('2011-01-16 06:13:32.938249', 'Farts lit in space appear as a rainbow. It''s a fact. Look it up!', 'Mr. Phugh Hughson', '2011-01-16 06:13:32.938249', 'flim flam')
Redirected to http://www.cocision.com:81/posts/4
Completed 302 Found in 48ms


Started GET "/posts/4" for 67.188.36.201 at Sun Jan 16 01:13:33 -0500 2011
  Processing by PostsController#show as HTML
  Parameters: {"id"=>"4"}
  [1m[36mPost Load (0.7ms)[0m  [1mSELECT "posts".* FROM "posts" WHERE ("posts"."id" = 4) LIMIT 1[0m
  [1m[35mComment Load (0.7ms)[0m  SELECT "comments".* FROM "comments" WHERE ("comments".post_id = 4)
Rendered posts/show.html.erb within layouts/application (60.4ms)
Completed 200 OK in 97ms (Views: 69.2ms | ActiveRecord: 2.2ms)


Started POST "/posts/4/comments" for 67.188.36.201 at Sun Jan 16 01:14:51 -0500 2011
  Processing by CommentsController#create as HTML
  Parameters: {"comment"=>{"body"=>"Those are atomic bombs, not farts.", "commenter"=>"Scientist"}, "commit"=>"Create Comment", "authenticity_token"=>"7rExzO3awRLYcF7qf+IgXiWux4mWtlmXBknyCu+nOMo=", "utf8"=>"✓", "post_id"=>"4"}
  [1m[36mPost Load (0.7ms)[0m  [1mSELECT "posts".* FROM "posts" WHERE ("posts"."id" = 4) LIMIT 1[0m
  [1m[35mSQL (0.8ms)[0m   SELECT name
 FROM sqlite_master
 WHERE type = 'table' AND NOT name = 'sqlite_sequence'
  [1m[36mAREL (0.8ms)[0m  [1mINSERT INTO "comments" ("commenter", "created_at", "updated_at", "body", "post_id") VALUES ('Scientist', '2011-01-16 06:14:51.995531', '2011-01-16 06:14:51.995531', 'Those are atomic bombs, not farts.', 4)[0m
Redirected to http://www.cocision.com:81/posts/4
Completed 302 Found in 259ms


Started GET "/posts/4" for 67.188.36.201 at Sun Jan 16 01:14:52 -0500 2011
  Processing by PostsController#show as HTML
  Parameters: {"id"=>"4"}
  [1m[35mPost Load (0.7ms)[0m  SELECT "posts".* FROM "posts" WHERE ("posts"."id" = 4) LIMIT 1
  [1m[36mComment Load (0.8ms)[0m  [1mSELECT "comments".* FROM "comments" WHERE ("comments".post_id = 4)[0m
Rendered posts/show.html.erb within layouts/application (62.3ms)
Completed 200 OK in 99ms (Views: 70.9ms | ActiveRecord: 3.8ms)


Started POST "/posts/4/comments" for 67.188.36.201 at Sun Jan 16 01:15:37 -0500 2011
  Processing by CommentsController#create as HTML
  Parameters: {"comment"=>{"body"=>"More like atomic farts!!! lol, hahahahahaha!", "commenter"=>"Phugh Hughson"}, "commit"=>"Create Comment", "authenticity_token"=>"7rExzO3awRLYcF7qf+IgXiWux4mWtlmXBknyCu+nOMo=", "utf8"=>"✓", "post_id"=>"4"}
  [1m[35mPost Load (0.7ms)[0m  SELECT "posts".* FROM "posts" WHERE ("posts"."id" = 4) LIMIT 1
  [1m[36mSQL (0.6ms)[0m  [1m SELECT name
 FROM sqlite_master
 WHERE type = 'table' AND NOT name = 'sqlite_sequence'
[0m
  [1m[35mAREL (0.7ms)[0m  INSERT INTO "comments" ("created_at", "commenter", "updated_at", "body", "post_id") VALUES ('2011-01-16 06:15:37.508382', 'Phugh Hughson', '2011-01-16 06:15:37.508382', 'More like atomic farts!!! lol, hahahahahaha!', 4)
Redirected to http://www.cocision.com:81/posts/4
Completed 302 Found in 74ms


Started GET "/posts/4" for 67.188.36.201 at Sun Jan 16 01:15:38 -0500 2011
  Processing by PostsController#show as HTML
  Parameters: {"id"=>"4"}
  [1m[36mPost Load (0.7ms)[0m  [1mSELECT "posts".* FROM "posts" WHERE ("posts"."id" = 4) LIMIT 1[0m
  [1m[35mComment Load (0.8ms)[0m  SELECT "comments".* FROM "comments" WHERE ("comments".post_id = 4)
Rendered posts/show.html.erb within layouts/application (68.3ms)
Completed 200 OK in 303ms (Views: 102.5ms | ActiveRecord: 3.6ms)


Started GET "/posts/new" for 24.216.241.205 at Sun Jan 16 01:15:39 -0500 2011
  Processing by PostsController#new as HTML
Rendered posts/_form.html.erb (36.3ms)
Rendered posts/new.html.erb within layouts/application (63.4ms)
Completed 200 OK in 204ms (Views: 169.0ms | ActiveRecord: 0.0ms)


Started GET "/posts" for 24.216.241.205 at Sun Jan 16 01:15:47 -0500 2011
  Processing by PostsController#index as HTML
  [1m[36mPost Load (1.1ms)[0m  [1mSELECT "posts".* FROM "posts"[0m
Rendered posts/index.html.erb within layouts/application (219.1ms)
Completed 200 OK in 259ms (Views: 231.7ms | ActiveRecord: 1.1ms)


Started GET "/posts/4" for 24.216.241.205 at Sun Jan 16 01:15:58 -0500 2011
  Processing by PostsController#show as HTML
  Parameters: {"id"=>"4"}
  [1m[35mPost Load (0.7ms)[0m  SELECT "posts".* FROM "posts" WHERE ("posts"."id" = 4) LIMIT 1
  [1m[36mComment Load (0.8ms)[0m  [1mSELECT "comments".* FROM "comments" WHERE ("comments".post_id = 4)[0m
Rendered posts/show.html.erb within layouts/application (67.6ms)
Completed 200 OK in 114ms (Views: 82.6ms | ActiveRecord: 1.6ms)


Started GET "/posts" for 67.188.36.201 at Sun Jan 16 01:18:33 -0500 2011
  Processing by PostsController#index as HTML
  [1m[35mPost Load (1.2ms)[0m  SELECT "posts".* FROM "posts"
Rendered posts/index.html.erb within layouts/application (25.9ms)
Completed 200 OK in 60ms (Views: 35.2ms | ActiveRecord: 1.2ms)


Started GET "/posts/4" for 67.188.36.201 at Sun Jan 16 01:18:47 -0500 2011
  Processing by PostsController#show as HTML
  Parameters: {"id"=>"4"}
  [1m[36mPost Load (0.7ms)[0m  [1mSELECT "posts".* FROM "posts" WHERE ("posts"."id" = 4) LIMIT 1[0m
  [1m[35mComment Load (0.8ms)[0m  SELECT "comments".* FROM "comments" WHERE ("comments".post_id = 4)
Rendered posts/show.html.erb within layouts/application (62.8ms)
Completed 200 OK in 100ms (Views: 71.5ms | ActiveRecord: 1.6ms)


Started GET "/" for 24.216.241.205 at Sun Jan 16 01:35:47 -0500 2011
  Processing by HomeController#index as HTML
Rendered home/index.html.erb within layouts/application (7.3ms)
Completed 200 OK in 18ms (Views: 16.6ms | ActiveRecord: 0.0ms)


Started GET "/posts" for 24.216.241.205 at Sun Jan 16 01:35:52 -0500 2011
  Processing by PostsController#index as HTML
  [1m[36mPost Load (1.3ms)[0m  [1mSELECT "posts".* FROM "posts"[0m
Rendered posts/index.html.erb within layouts/application (26.8ms)
Completed 200 OK in 63ms (Views: 36.5ms | ActiveRecord: 1.3ms)


Started GET "/posts/new" for 24.216.241.205 at Sun Jan 16 01:36:01 -0500 2011
  Processing by PostsController#new as HTML
Rendered posts/_form.html.erb (20.0ms)
Rendered posts/new.html.erb within layouts/application (30.4ms)
Completed 200 OK in 64ms (Views: 39.9ms | ActiveRecord: 0.0ms)


Started POST "/posts" for 24.216.241.205 at Sun Jan 16 01:36:45 -0500 2011
  Processing by PostsController#create as HTML
  Parameters: {"commit"=>"Create Post", "post"=>{"name"=>"Regular Post", "title"=>"Lesson 1", "content"=>"How to make an ROR app"}, "authenticity_token"=>"TY5xfyr9J8wVyOpFg13MoA8p9eHCi//XpEGZv701SuA=", "utf8"=>"✓"}
  [1m[35mAREL (0.8ms)[0m  INSERT INTO "posts" ("content", "updated_at", "created_at", "title", "name") VALUES ('How to make an ROR app', '2011-01-16 06:36:45.535634', '2011-01-16 06:36:45.535634', 'Lesson 1', 'Regular Post')
Redirected to http://www.cocision.com:81/posts/5
Completed 302 Found in 231ms


Started GET "/posts/5" for 24.216.241.205 at Sun Jan 16 01:36:46 -0500 2011
  Processing by PostsController#show as HTML
  Parameters: {"id"=>"5"}
  [1m[36mPost Load (0.8ms)[0m  [1mSELECT "posts".* FROM "posts" WHERE ("posts"."id" = 5) LIMIT 1[0m
  [1m[35mComment Load (0.6ms)[0m  SELECT "comments".* FROM "comments" WHERE ("comments".post_id = 5)
Rendered posts/show.html.erb within layouts/application (34.3ms)
Completed   in 71ms

ActionView::Template::Error (Missing partial comments/comment with {:formats=>[:html], :handlers=>[:rxml, :erb, :rjs, :rhtml, :builder], :locale=>[:en, :en]} in view paths "/var/rails/practiceApp/app/views"):
    17:  
    18: <h2>Comments</h2>
    19: <%= render :partial => "comments/comment",
    20:            :collection => @post.comments %>
    21:  
    22: <h2>Add a comment:</h2>
    23: <%= render "comments/form" %>
  app/views/posts/show.html.erb:20:in `_app_views_posts_show_html_erb__1024214577__616216858_0'
  app/controllers/posts_controller.rb:18:in `show'

Rendered /usr/lib/ruby/gems/1.8/gems/actionpack-3.0.3/lib/action_dispatch/middleware/templates/rescues/_trace.erb (3.7ms)
Rendered /usr/lib/ruby/gems/1.8/gems/actionpack-3.0.3/lib/action_dispatch/middleware/templates/rescues/_request_and_response.erb (19.0ms)
Rendered /usr/lib/ruby/gems/1.8/gems/actionpack-3.0.3/lib/action_dispatch/middleware/templates/rescues/template_error.erb within rescues/layout (33.9ms)


Started GET "/posts/5" for 24.216.241.205 at Sun Jan 16 01:40:53 -0500 2011
  Processing by PostsController#show as HTML
  Parameters: {"id"=>"5"}
  [1m[36mPost Load (0.7ms)[0m  [1mSELECT "posts".* FROM "posts" WHERE ("posts"."id" = 5) LIMIT 1[0m
  [1m[35mComment Load (0.7ms)[0m  SELECT "comments".* FROM "comments" WHERE ("comments".post_id = 5)
Rendered comments/_comment.erb (0.0ms)
Rendered comments/_form.erb (22.6ms)
Rendered posts/show.html.erb within layouts/application (66.9ms)
Completed 200 OK in 102ms (Views: 75.5ms | ActiveRecord: 1.4ms)


Started POST "/posts/5/comments" for 24.216.241.205 at Sun Jan 16 01:41:48 -0500 2011
  Processing by CommentsController#create as HTML
  Parameters: {"comment"=>{"body"=>"I use windows.  Can I play too?", "commenter"=>"fred"}, "commit"=>"Create Comment", "authenticity_token"=>"TY5xfyr9J8wVyOpFg13MoA8p9eHCi//XpEGZv701SuA=", "utf8"=>"✓", "post_id"=>"5"}
  [1m[36mPost Load (0.7ms)[0m  [1mSELECT "posts".* FROM "posts" WHERE ("posts"."id" = 5) LIMIT 1[0m
  [1m[35mSQL (0.6ms)[0m   SELECT name
 FROM sqlite_master
 WHERE type = 'table' AND NOT name = 'sqlite_sequence'
  [1m[36mAREL (0.8ms)[0m  [1mINSERT INTO "comments" ("commenter", "created_at", "updated_at", "post_id", "body") VALUES ('fred', '2011-01-16 06:41:48.176818', '2011-01-16 06:41:48.176818', 5, 'I use windows. Can I play too?')[0m
Redirected to http://www.cocision.com:81/posts/5
Completed 302 Found in 77ms


Started GET "/posts/5" for 24.216.241.205 at Sun Jan 16 01:41:48 -0500 2011
  Processing by PostsController#show as HTML
  Parameters: {"id"=>"5"}
  [1m[35mPost Load (0.7ms)[0m  SELECT "posts".* FROM "posts" WHERE ("posts"."id" = 5) LIMIT 1
  [1m[36mComment Load (0.7ms)[0m  [1mSELECT "comments".* FROM "comments" WHERE ("comments".post_id = 5)[0m
Rendered comments/_comment.erb (9.4ms)
Rendered comments/_form.erb (15.1ms)
Rendered posts/show.html.erb within layouts/application (69.1ms)
Completed 200 OK in 105ms (Views: 77.9ms | ActiveRecord: 3.6ms)


Started GET "/posts" for 24.216.241.205 at Sun Jan 16 01:41:56 -0500 2011
  Processing by PostsController#index as HTML
  [1m[35mPost Load (1.4ms)[0m  SELECT "posts".* FROM "posts"
Rendered posts/index.html.erb within layouts/application (31.0ms)
Completed 200 OK in 65ms (Views: 40.5ms | ActiveRecord: 1.4ms)


Started GET "/posts/new" for 24.216.241.205 at Sun Jan 16 02:01:05 -0500 2011
  Processing by PostsController#new as HTML
Rendered posts/_form.html.erb (20.3ms)
Rendered posts/new.html.erb within layouts/application (30.7ms)
Completed 200 OK in 65ms (Views: 40.1ms | ActiveRecord: 0.0ms)


Started GET "/posts" for 24.216.241.205 at Sun Jan 16 02:06:28 -0500 2011
  Processing by PostsController#index as HTML
  [1m[36mPost Load (1.2ms)[0m  [1mSELECT "posts".* FROM "posts"[0m
Rendered posts/index.html.erb within layouts/application (32.1ms)
Completed 200 OK in 67ms (Views: 41.6ms | ActiveRecord: 1.2ms)


Started POST "/posts/3" for 24.216.241.205 at Sun Jan 16 02:06:37 -0500 2011
  Processing by PostsController#destroy as HTML
  Parameters: {"authenticity_token"=>"TY5xfyr9J8wVyOpFg13MoA8p9eHCi//XpEGZv701SuA=", "id"=>"3"}
Completed 401 Unauthorized in 1ms


Started GET "/posts/new" for 24.216.241.205 at Sun Jan 16 02:06:47 -0500 2011
  Processing by PostsController#new as HTML
Completed 401 Unauthorized in 1ms


Started GET "/posts/new" for 24.216.241.205 at Sun Jan 16 02:07:09 -0500 2011
  Processing by PostsController#new as HTML
Rendered posts/_form.html.erb (20.3ms)
Rendered posts/new.html.erb within layouts/application (30.5ms)
Completed 200 OK in 65ms (Views: 39.7ms | ActiveRecord: 0.0ms)


Started POST "/posts" for 24.216.241.205 at Sun Jan 16 02:07:51 -0500 2011
  Processing by PostsController#create as HTML
  Parameters: {"commit"=>"Create Post", "post"=>{"name"=>"Day comment", "title"=>"Sunny day", "content"=>"it is sunny"}, "authenticity_token"=>"TY5xfyr9J8wVyOpFg13MoA8p9eHCi//XpEGZv701SuA=", "utf8"=>"✓"}
Completed 401 Unauthorized in 2ms


Started POST "/posts" for 24.216.241.205 at Sun Jan 16 02:07:51 -0500 2011
  Processing by PostsController#create as HTML
  Parameters: {"commit"=>"Create Post", "post"=>{"name"=>"Day comment", "title"=>"Sunny day", "content"=>"it is sunny"}, "authenticity_token"=>"TY5xfyr9J8wVyOpFg13MoA8p9eHCi//XpEGZv701SuA=", "utf8"=>"✓"}
  [1m[35mAREL (0.8ms)[0m  INSERT INTO "posts" ("content", "title", "updated_at", "created_at", "name") VALUES ('it is sunny', 'Sunny day', '2011-01-16 07:07:51.714053', '2011-01-16 07:07:51.714053', 'Day comment')
Redirected to http://www.cocision.com:81/posts/6
Completed 302 Found in 46ms


Started GET "/posts/6" for 24.216.241.205 at Sun Jan 16 02:07:52 -0500 2011
  Processing by PostsController#show as HTML
  Parameters: {"id"=>"6"}
  [1m[36mPost Load (0.8ms)[0m  [1mSELECT "posts".* FROM "posts" WHERE ("posts"."id" = 6) LIMIT 1[0m
  [1m[35mComment Load (0.7ms)[0m  SELECT "comments".* FROM "comments" WHERE ("comments".post_id = 6)
Rendered comments/_comment.erb (0.0ms)
Rendered comments/_form.erb (23.9ms)
Rendered posts/show.html.erb within layouts/application (72.8ms)
Completed 200 OK in 112ms (Views: 81.8ms | ActiveRecord: 1.4ms)


Started GET "/posts" for 24.216.241.205 at Sun Jan 16 02:08:01 -0500 2011
  Processing by PostsController#index as HTML
  [1m[36mPost Load (1.3ms)[0m  [1mSELECT "posts".* FROM "posts"[0m
Rendered posts/index.html.erb within layouts/application (35.9ms)
Completed 200 OK in 74ms (Views: 45.5ms | ActiveRecord: 1.3ms)


Started POST "/posts/3" for 24.216.241.205 at Sun Jan 16 02:08:15 -0500 2011
  Processing by PostsController#destroy as HTML
  Parameters: {"authenticity_token"=>"TY5xfyr9J8wVyOpFg13MoA8p9eHCi//XpEGZv701SuA=", "id"=>"3"}
  [1m[35mPost Load (0.8ms)[0m  SELECT "posts".* FROM "posts" WHERE ("posts"."id" = 3) LIMIT 1
  [1m[36mComment Load (0.8ms)[0m  [1mSELECT "comments".* FROM "comments" WHERE ("comments".post_id = 3)[0m
  [1m[35mSQL (0.7ms)[0m   SELECT name
 FROM sqlite_master
 WHERE type = 'table' AND NOT name = 'sqlite_sequence'
  [1m[36mAREL (0.7ms)[0m  [1mDELETE FROM "comments" WHERE ("comments"."id" = 2)[0m
  [1m[35mAREL (0.4ms)[0m  DELETE FROM "comments" WHERE ("comments"."id" = 3)
  [1m[36mAREL (0.4ms)[0m  [1mDELETE FROM "posts" WHERE ("posts"."id" = 3)[0m
Redirected to http://www.cocision.com:81/posts
Completed 302 Found in 89ms


Started GET "/posts" for 24.216.241.205 at Sun Jan 16 02:08:15 -0500 2011
  Processing by PostsController#index as HTML
  [1m[35mPost Load (1.3ms)[0m  SELECT "posts".* FROM "posts"
Rendered posts/index.html.erb within layouts/application (31.4ms)
Completed 200 OK in 67ms (Views: 40.9ms | ActiveRecord: 1.3ms)


Started GET "/posts" for 24.216.241.205 at Sun Jan 16 02:10:46 -0500 2011
  Processing by PostsController#index as HTML
  [1m[36mPost Load (1.2ms)[0m  [1mSELECT "posts".* FROM "posts"[0m
Rendered posts/index.html.erb within layouts/application (31.0ms)
Completed 200 OK in 65ms (Views: 40.3ms | ActiveRecord: 1.2ms)


Started GET "/posts" for 24.216.241.205 at Sun Jan 16 02:11:31 -0500 2011
  Processing by PostsController#index as HTML
  [1m[35mPost Load (1.3ms)[0m  SELECT "posts".* FROM "posts"
Rendered posts/index.html.erb within layouts/application (31.4ms)
Completed 200 OK in 68ms (Views: 40.8ms | ActiveRecord: 1.3ms)


Started GET "/posts/new" for 24.216.241.205 at Sun Jan 16 02:11:38 -0500 2011
  Processing by PostsController#new as HTML
Rendered posts/_form.html.erb (20.4ms)
Rendered posts/new.html.erb within layouts/application (34.1ms)
Completed 200 OK in 72ms (Views: 46.5ms | ActiveRecord: 0.0ms)


Started GET "/" for 24.216.241.205 at Sun Jan 16 02:12:00 -0500 2011
  Processing by HomeController#index as HTML
Rendered home/index.html.erb within layouts/application (8.5ms)
Completed 200 OK in 23ms (Views: 19.0ms | ActiveRecord: 0.0ms)


Started GET "/posts" for 24.216.241.205 at Sun Jan 16 02:12:04 -0500 2011
  Processing by PostsController#index as HTML
  [1m[36mPost Load (1.4ms)[0m  [1mSELECT "posts".* FROM "posts"[0m
Rendered posts/index.html.erb within layouts/application (31.9ms)
Completed 200 OK in 70ms (Views: 41.6ms | ActiveRecord: 1.4ms)


Started GET "/posts/new" for 24.216.241.205 at Sun Jan 16 02:12:07 -0500 2011
  Processing by PostsController#new as HTML
Completed 401 Unauthorized in 1ms


Started GET "/posts/new" for 24.216.241.205 at Sun Jan 16 02:12:13 -0500 2011
  Processing by PostsController#new as HTML
Completed 401 Unauthorized in 1ms


Started GET "/posts/new" for 24.216.241.205 at Sun Jan 16 02:12:14 -0500 2011
  Processing by PostsController#new as HTML
Completed 401 Unauthorized in 1ms


Started GET "/posts/4" for 24.216.241.205 at Sun Jan 16 02:12:20 -0500 2011
  Processing by PostsController#show as HTML
  Parameters: {"id"=>"4"}
  [1m[35mPost Load (0.6ms)[0m  SELECT "posts".* FROM "posts" WHERE ("posts"."id" = 4) LIMIT 1
  [1m[36mComment Load (0.8ms)[0m  [1mSELECT "comments".* FROM "comments" WHERE ("comments".post_id = 4)[0m
  [1m[35mCACHE (0.0ms)[0m  SELECT "posts".* FROM "posts" WHERE ("posts"."id" = 4) LIMIT 1
  [1m[36mCACHE (0.0ms)[0m  [1mSELECT "posts".* FROM "posts" WHERE ("posts"."id" = 4) LIMIT 1[0m
Rendered comments/_comment.erb (28.1ms)
Rendered comments/_form.erb (15.0ms)
Rendered posts/show.html.erb within layouts/application (304.7ms)
Completed 200 OK in 341ms (Views: 313.5ms | ActiveRecord: 1.5ms)


Started GET "/posts" for 24.216.241.205 at Sun Jan 16 02:12:26 -0500 2011
  Processing by PostsController#index as HTML
  [1m[35mPost Load (1.3ms)[0m  SELECT "posts".* FROM "posts"
Rendered posts/index.html.erb within layouts/application (31.5ms)
Completed 200 OK in 68ms (Views: 41.1ms | ActiveRecord: 1.3ms)


Started GET "/posts/6" for 24.216.241.205 at Sun Jan 16 02:12:28 -0500 2011
  Processing by PostsController#show as HTML
  Parameters: {"id"=>"6"}
  [1m[36mPost Load (0.7ms)[0m  [1mSELECT "posts".* FROM "posts" WHERE ("posts"."id" = 6) LIMIT 1[0m
  [1m[35mComment Load (0.6ms)[0m  SELECT "comments".* FROM "comments" WHERE ("comments".post_id = 6)
Rendered comments/_comment.erb (0.0ms)
Rendered comments/_form.erb (22.7ms)
Rendered posts/show.html.erb within layouts/application (67.2ms)
Completed 200 OK in 107ms (Views: 76.2ms | ActiveRecord: 1.3ms)


Started GET "/" for 24.216.241.205 at Sun Jan 16 02:13:26 -0500 2011
  Processing by HomeController#index as HTML
Rendered home/index.html.erb within layouts/application (7.3ms)
Completed 200 OK in 18ms (Views: 16.6ms | ActiveRecord: 0.0ms)


Started GET "/" for 24.216.241.205 at Sun Jan 16 02:23:00 -0500 2011
  Processing by HomeController#index as HTML
Rendered home/index.html.erb within layouts/application (8.2ms)
Completed 200 OK in 20ms (Views: 18.0ms | ActiveRecord: 0.0ms)


Started GET "/posts" for 24.216.241.205 at Sun Jan 16 02:23:03 -0500 2011
  Processing by PostsController#index as HTML
  [1m[36mPost Load (1.3ms)[0m  [1mSELECT "posts".* FROM "posts"[0m
Rendered posts/index.html.erb within layouts/application (31.8ms)
Completed 200 OK in 67ms (Views: 41.2ms | ActiveRecord: 1.3ms)


Started GET "/posts/new" for 24.216.241.205 at Sun Jan 16 02:25:31 -0500 2011
  Processing by PostsController#new as HTML
Completed 401 Unauthorized in 1ms


Started GET "/posts/4" for 24.216.241.205 at Sun Jan 16 02:25:43 -0500 2011
  Processing by PostsController#show as HTML
  Parameters: {"id"=>"4"}
  [1m[35mPost Load (0.7ms)[0m  SELECT "posts".* FROM "posts" WHERE ("posts"."id" = 4) LIMIT 1
  [1m[36mComment Load (0.8ms)[0m  [1mSELECT "comments".* FROM "comments" WHERE ("comments".post_id = 4)[0m
  [1m[35mCACHE (0.0ms)[0m  SELECT "posts".* FROM "posts" WHERE ("posts"."id" = 4) LIMIT 1
  [1m[36mCACHE (0.0ms)[0m  [1mSELECT "posts".* FROM "posts" WHERE ("posts"."id" = 4) LIMIT 1[0m
Rendered comments/_comment.erb (25.2ms)
Rendered comments/_form.erb (13.4ms)
Rendered posts/show.html.erb within layouts/application (83.8ms)
Completed 200 OK in 120ms (Views: 92.1ms | ActiveRecord: 1.5ms)


Started POST "/posts/4/comments" for 24.216.241.205 at Sun Jan 16 02:25:50 -0500 2011
  Processing by CommentsController#create as HTML
  Parameters: {"comment"=>{"body"=>"", "commenter"=>""}, "commit"=>"Create Comment", "authenticity_token"=>"w/3Hz+rJjn7A9lJmTdPUpfu0atNbI5ST9UDrJcbKIbY=", "utf8"=>"✓", "post_id"=>"4"}
  [1m[35mPost Load (0.6ms)[0m  SELECT "posts".* FROM "posts" WHERE ("posts"."id" = 4) LIMIT 1
  [1m[36mSQL (0.7ms)[0m  [1m SELECT name
 FROM sqlite_master
 WHERE type = 'table' AND NOT name = 'sqlite_sequence'
[0m
  [1m[35mAREL (0.6ms)[0m  INSERT INTO "comments" ("body", "created_at", "post_id", "updated_at", "commenter") VALUES ('', '2011-01-16 07:25:50.850057', 4, '2011-01-16 07:25:50.850057', '')
Redirected to http://www.cocision.com:81/posts/4
Completed 302 Found in 75ms


Started GET "/posts/4" for 24.216.241.205 at Sun Jan 16 02:25:51 -0500 2011
  Processing by PostsController#show as HTML
  Parameters: {"id"=>"4"}
  [1m[36mPost Load (0.8ms)[0m  [1mSELECT "posts".* FROM "posts" WHERE ("posts"."id" = 4) LIMIT 1[0m
  [1m[35mComment Load (0.9ms)[0m  SELECT "comments".* FROM "comments" WHERE ("comments".post_id = 4)
  [1m[36mCACHE (0.0ms)[0m  [1mSELECT "posts".* FROM "posts" WHERE ("posts"."id" = 4) LIMIT 1[0m
  [1m[35mCACHE (0.0ms)[0m  SELECT "posts".* FROM "posts" WHERE ("posts"."id" = 4) LIMIT 1
  [1m[36mCACHE (0.0ms)[0m  [1mSELECT "posts".* FROM "posts" WHERE ("posts"."id" = 4) LIMIT 1[0m
Rendered comments/_comment.erb (31.2ms)
Rendered comments/_form.erb (13.9ms)
Rendered posts/show.html.erb within layouts/application (91.6ms)
Completed 200 OK in 132ms (Views: 100.6ms | ActiveRecord: 1.7ms)


Started POST "/posts/4/comments/7" for 24.216.241.205 at Sun Jan 16 02:26:00 -0500 2011
  Processing by CommentsController#destroy as HTML
  Parameters: {"authenticity_token"=>"w/3Hz+rJjn7A9lJmTdPUpfu0atNbI5ST9UDrJcbKIbY=", "post_id"=>"4", "id"=>"7"}
Completed 401 Unauthorized in 2ms


Started POST "/posts/4/comments/7" for 24.216.241.205 at Sun Jan 16 02:26:09 -0500 2011
  Processing by CommentsController#destroy as HTML
  Parameters: {"authenticity_token"=>"w/3Hz+rJjn7A9lJmTdPUpfu0atNbI5ST9UDrJcbKIbY=", "post_id"=>"4", "id"=>"7"}
  [1m[35mPost Load (0.7ms)[0m  SELECT "posts".* FROM "posts" WHERE ("posts"."id" = 4) LIMIT 1
  [1m[36mSQL (0.7ms)[0m  [1m SELECT name
 FROM sqlite_master
 WHERE type = 'table' AND NOT name = 'sqlite_sequence'
[0m
  [1m[35mComment Load (0.8ms)[0m  SELECT "comments".* FROM "comments" WHERE ("comments".post_id = 4) AND ("comments"."id" = 7) LIMIT 1
  [1m[36mAREL (0.8ms)[0m  [1mDELETE FROM "comments" WHERE ("comments"."id" = 7)[0m
Redirected to http://www.cocision.com:81/posts/4
Completed 302 Found in 73ms


Started GET "/posts/4" for 24.216.241.205 at Sun Jan 16 02:26:14 -0500 2011
  Processing by PostsController#show as HTML
  Parameters: {"id"=>"4"}
  [1m[35mPost Load (0.7ms)[0m  SELECT "posts".* FROM "posts" WHERE ("posts"."id" = 4) LIMIT 1
  [1m[36mComment Load (0.9ms)[0m  [1mSELECT "comments".* FROM "comments" WHERE ("comments".post_id = 4)[0m
  [1m[35mCACHE (0.0ms)[0m  SELECT "posts".* FROM "posts" WHERE ("posts"."id" = 4) LIMIT 1
  [1m[36mCACHE (0.0ms)[0m  [1mSELECT "posts".* FROM "posts" WHERE ("posts"."id" = 4) LIMIT 1[0m
Rendered comments/_comment.erb (27.5ms)
Rendered comments/_form.erb (14.6ms)
Rendered posts/show.html.erb within layouts/application (91.8ms)
Completed 200 OK in 334ms (Views: 101.4ms | ActiveRecord: 1.6ms)


Started GET "/posts/4/edit" for 24.216.241.205 at Sun Jan 16 02:27:01 -0500 2011
  Processing by PostsController#edit as HTML
  Parameters: {"id"=>"4"}
Completed 401 Unauthorized in 1ms


Started GET "/posts/4/edit" for 24.216.241.205 at Sun Jan 16 02:27:01 -0500 2011
  Processing by PostsController#edit as HTML
  Parameters: {"id"=>"4"}
  [1m[35mPost Load (0.7ms)[0m  SELECT "posts".* FROM "posts" WHERE ("posts"."id" = 4) LIMIT 1
Rendered posts/_form.html.erb (48.9ms)
Rendered posts/edit.html.erb within layouts/application (60.9ms)
Completed 200 OK in 97ms (Views: 70.2ms | ActiveRecord: 0.7ms)


Started GET "/posts" for 24.216.241.205 at Sun Jan 16 02:27:09 -0500 2011
  Processing by PostsController#index as HTML
  [1m[36mPost Load (1.2ms)[0m  [1mSELECT "posts".* FROM "posts"[0m
Rendered posts/index.html.erb within layouts/application (30.5ms)
Completed 200 OK in 65ms (Views: 39.8ms | ActiveRecord: 1.2ms)


Started GET "/" for 24.216.241.205 at Sun Jan 16 02:28:20 -0500 2011
  Processing by HomeController#index as HTML
Rendered home/index.html.erb within layouts/application (8.4ms)
Completed 200 OK in 20ms (Views: 18.3ms | ActiveRecord: 0.0ms)


Started GET "/posts" for 24.216.241.205 at Sun Jan 16 02:28:24 -0500 2011
  Processing by PostsController#index as HTML
  [1m[35mPost Load (1.2ms)[0m  SELECT "posts".* FROM "posts"
Rendered posts/index.html.erb within layouts/application (31.7ms)
Completed 200 OK in 67ms (Views: 41.3ms | ActiveRecord: 1.2ms)


Started GET "/posts" for 24.216.241.205 at Sun Jan 16 02:46:50 -0500 2011
  Processing by PostsController#index as HTML
  [1m[36mPost Load (1.3ms)[0m  [1mSELECT "posts".* FROM "posts"[0m
Rendered posts/index.html.erb within layouts/application (31.2ms)
Completed 200 OK in 66ms (Views: 40.6ms | ActiveRecord: 1.3ms)


Started GET "/posts/4" for 24.216.241.205 at Sun Jan 16 04:10:06 -0500 2011
  Processing by PostsController#show as HTML
  Parameters: {"id"=>"4"}
  [1m[35mPost Load (0.7ms)[0m  SELECT "posts".* FROM "posts" WHERE ("posts"."id" = 4) LIMIT 1
  [1m[36mComment Load (0.9ms)[0m  [1mSELECT "comments".* FROM "comments" WHERE ("comments".post_id = 4)[0m
  [1m[35mCACHE (0.0ms)[0m  SELECT "posts".* FROM "posts" WHERE ("posts"."id" = 4) LIMIT 1
  [1m[36mCACHE (0.0ms)[0m  [1mSELECT "posts".* FROM "posts" WHERE ("posts"."id" = 4) LIMIT 1[0m
Rendered comments/_comment.erb (25.2ms)
Rendered comments/_form.erb (219.2ms)
Rendered posts/show.html.erb within layouts/application (291.2ms)
Completed 200 OK in 327ms (Views: 299.6ms | ActiveRecord: 1.6ms)


Started GET "/posts" for 24.216.241.205 at Sun Jan 16 04:10:21 -0500 2011
  Processing by PostsController#index as HTML
  [1m[35mPost Load (1.2ms)[0m  SELECT "posts".* FROM "posts"
Rendered posts/index.html.erb within layouts/application (31.5ms)
Completed 200 OK in 68ms (Views: 41.3ms | ActiveRecord: 1.2ms)


Started GET "/posts/new" for 24.216.241.205 at Sun Jan 16 04:10:33 -0500 2011
  Processing by PostsController#new as HTML
Completed 401 Unauthorized in 1ms


Started GET "/posts/new" for 24.216.241.205 at Sun Jan 16 04:10:33 -0500 2011
  Processing by PostsController#new as HTML
Rendered posts/_form.html.erb (23.8ms)
Rendered posts/new.html.erb within layouts/application (34.3ms)
Completed 200 OK in 71ms (Views: 43.7ms | ActiveRecord: 0.0ms)


Started GET "/posts/5" for 24.216.241.205 at Sun Jan 16 04:10:48 -0500 2011
  Processing by PostsController#show as HTML
  Parameters: {"id"=>"5"}
  [1m[36mPost Load (0.7ms)[0m  [1mSELECT "posts".* FROM "posts" WHERE ("posts"."id" = 5) LIMIT 1[0m
  [1m[35mComment Load (0.8ms)[0m  SELECT "comments".* FROM "comments" WHERE ("comments".post_id = 5)
  [1m[36mCACHE (0.0ms)[0m  [1mSELECT "posts".* FROM "posts" WHERE ("posts"."id" = 5) LIMIT 1[0m
Rendered comments/_comment.erb (22.6ms)
Rendered comments/_form.erb (14.8ms)
Rendered posts/show.html.erb within layouts/application (295.9ms)
Completed 200 OK in 332ms (Views: 304.4ms | ActiveRecord: 1.5ms)


Started GET "/" for 24.216.241.205 at Sun Jan 16 05:58:25 -0500 2011
  Processing by HomeController#index as HTML
Rendered home/index.html.erb within layouts/application (7.7ms)
Completed 200 OK in 19ms (Views: 17.1ms | ActiveRecord: 0.0ms)


Started GET "/posts" for 24.216.241.205 at Sun Jan 16 05:58:31 -0500 2011
  Processing by PostsController#index as HTML
  [1m[35mPost Load (1.2ms)[0m  SELECT "posts".* FROM "posts"
Rendered posts/index.html.erb within layouts/application (31.2ms)
Completed 200 OK in 69ms (Views: 41.0ms | ActiveRecord: 1.2ms)


Started GET "/posts/new" for 24.216.241.205 at Sun Jan 16 05:58:39 -0500 2011
  Processing by PostsController#new as HTML
Completed 401 Unauthorized in 1ms


Started GET "/posts/4" for 24.216.241.205 at Sun Jan 16 05:58:49 -0500 2011
  Processing by PostsController#show as HTML
  Parameters: {"id"=>"4"}
  [1m[36mPost Load (0.8ms)[0m  [1mSELECT "posts".* FROM "posts" WHERE ("posts"."id" = 4) LIMIT 1[0m
  [1m[35mComment Load (0.8ms)[0m  SELECT "comments".* FROM "comments" WHERE ("comments".post_id = 4)
  [1m[36mCACHE (0.0ms)[0m  [1mSELECT "posts".* FROM "posts" WHERE ("posts"."id" = 4) LIMIT 1[0m
  [1m[35mCACHE (0.0ms)[0m  SELECT "posts".* FROM "posts" WHERE ("posts"."id" = 4) LIMIT 1
Rendered comments/_comment.erb (25.8ms)
Rendered comments/_form.erb (13.8ms)
Rendered posts/show.html.erb within layouts/application (85.2ms)
Completed 200 OK in 127ms (Views: 97.7ms | ActiveRecord: 1.7ms)


Started GET "/posts" for 24.216.241.205 at Sun Jan 16 06:41:50 -0500 2011
  Processing by PostsController#index as HTML
  [1m[36mPost Load (1.2ms)[0m  [1mSELECT "posts".* FROM "posts"[0m
Rendered posts/index.html.erb within layouts/application (30.8ms)
Completed 200 OK in 66ms (Views: 40.3ms | ActiveRecord: 1.2ms)


Started GET "/posts/4" for 24.216.241.205 at Sun Jan 16 06:42:01 -0500 2011
  Processing by PostsController#show as HTML
  Parameters: {"id"=>"4"}
  [1m[35mPost Load (0.7ms)[0m  SELECT "posts".* FROM "posts" WHERE ("posts"."id" = 4) LIMIT 1
  [1m[36mComment Load (0.9ms)[0m  [1mSELECT "comments".* FROM "comments" WHERE ("comments".post_id = 4)[0m
  [1m[35mCACHE (0.0ms)[0m  SELECT "posts".* FROM "posts" WHERE ("posts"."id" = 4) LIMIT 1
  [1m[36mCACHE (0.0ms)[0m  [1mSELECT "posts".* FROM "posts" WHERE ("posts"."id" = 4) LIMIT 1[0m
Rendered comments/_comment.erb (29.9ms)
Rendered comments/_form.erb (13.9ms)
Rendered posts/show.html.erb within layouts/application (96.0ms)
Completed 200 OK in 140ms (Views: 105.5ms | ActiveRecord: 1.7ms)


Started GET "/" for 24.216.241.205 at Sun Jan 16 12:46:10 -0500 2011
  Processing by HomeController#index as HTML
Rendered home/index.html.erb within layouts/application (7.4ms)
Completed 200 OK in 18ms (Views: 16.6ms | ActiveRecord: 0.0ms)


Started GET "/" for 24.216.241.205 at Sun Jan 16 15:15:49 -0500 2011
  Processing by HomeController#index as HTML
Rendered home/index.html.erb within layouts/application (8.2ms)
Completed 200 OK in 20ms (Views: 18.0ms | ActiveRecord: 0.0ms)


Started GET "/posts" for 24.216.241.205 at Sun Jan 16 15:15:54 -0500 2011
  Processing by PostsController#index as HTML
  [1m[35mPost Load (1.3ms)[0m  SELECT "posts".* FROM "posts"
Rendered posts/index.html.erb within layouts/application (31.2ms)
Completed 200 OK in 67ms (Views: 40.7ms | ActiveRecord: 1.3ms)


Started GET "/posts/4" for 24.216.241.205 at Sun Jan 16 15:17:56 -0500 2011
  Processing by PostsController#show as HTML
  Parameters: {"id"=>"4"}
  [1m[36mPost